<?xml version="1.0" encoding="UTF-8"?>
<!-- Generated by org.testng.reporters.JUnitReportReporter -->
<testsuite hostname="DESKTOP-11P1576" failures="0" tests="1" name="DemoMaven.WebDrivewrMgr.TestNgDemo" time="106.592" errors="0" timestamp="2023-06-24T16:47:34 IST" skipped="0">
  <testcase classname="DemoMaven.WebDrivewrMgr.TestNgDemo" name="verifyPageTitle" time="106.592"/>
  <system-out/>
</testsuite> <!-- DemoMaven.WebDrivewrMgr.TestNgDemo -->
