<?xml version="1.0" encoding="UTF-8"?>
<!-- Generated by org.testng.reporters.JUnitReportReporter -->
<testsuite hostname="DESKTOP-11P1576" failures="0" tests="5" name="DemoMaven.TestNGDemo.InvocationDemo1" time="0.029" errors="0" timestamp="2023-07-23T21:52:45 IST" skipped="0">
  <testcase classname="DemoMaven.TestNGDemo.InvocationDemo1" name="Test2" time="0.003"/>
  <system-out/>
  <testcase classname="DemoMaven.TestNGDemo.InvocationDemo1" name="Test1" time="0.002"/>
  <system-out/>
  <testcase classname="DemoMaven.TestNGDemo.InvocationDemo1" name="Test1" time="0.002"/>
  <system-out/>
  <testcase classname="DemoMaven.TestNGDemo.InvocationDemo1" name="Test1" time="0.017"/>
  <system-out/>
  <testcase classname="DemoMaven.TestNGDemo.InvocationDemo1" name="Test1" time="0.005"/>
  <system-out/>
</testsuite> <!-- DemoMaven.TestNGDemo.InvocationDemo1 -->
