<?xml version="1.0" encoding="UTF-8"?>
<!-- Generated by org.testng.reporters.JUnitReportReporter -->
<testsuite hostname="DESKTOP-11P1576" failures="0" tests="2" name="DemoMaven.TestNGDemo.Example" time="0.024" errors="0" timestamp="2023-06-24T17:47:43 IST" skipped="0">
  <testcase classname="DemoMaven.TestNGDemo.Example" name="test2" time="0.003"/>
  <system-out/>
  <testcase classname="DemoMaven.TestNGDemo.Example" name="test1" time="0.021"/>
  <system-out/>
</testsuite> <!-- DemoMaven.TestNGDemo.Example -->
