<?xml version="1.0" encoding="UTF-8"?>
<!-- Generated by org.testng.reporters.JUnitReportReporter -->
<testsuite hostname="DESKTOP-11P1576" failures="0" tests="2" name="DemoMaven.TestNGDemo.CurrentAccountTestClass1" time="0.025" errors="0" timestamp="2023-06-24T18:21:01 IST" skipped="0">
  <testcase classname="DemoMaven.TestNGDemo.CurrentAccountTestClass1" name="test1" time="0.003"/>
  <system-out/>
  <testcase classname="DemoMaven.TestNGDemo.CurrentAccountTestClass1" name="test2" time="0.022"/>
  <system-out/>
</testsuite> <!-- DemoMaven.TestNGDemo.CurrentAccountTestClass1 -->
