<?xml version="1.0" encoding="UTF-8"?>
<!-- Generated by org.testng.reporters.JUnitReportReporter -->
<testsuite hostname="DESKTOP-11P1576" failures="0" tests="2" name="DemoMaven.TestNGDemo.ParameterGoogleSearch" time="93.485" errors="0" timestamp="2023-07-15T13:49:34 IST" skipped="0">
  <testcase classname="DemoMaven.TestNGDemo.ParameterGoogleSearch" name="googlesearch" time="32.425"/>
  <system-out/>
  <testcase classname="DemoMaven.TestNGDemo.ParameterGoogleSearch" name="googlesearch" time="61.060"/>
  <system-out/>
</testsuite> <!-- DemoMaven.TestNGDemo.ParameterGoogleSearch -->
