<?xml version="1.0" encoding="UTF-8"?>
<!-- Generated by org.testng.reporters.JUnitReportReporter -->
<testsuite hostname="DESKTOP-11P1576" failures="0" tests="3" name="BatchTesting.HomeScreenTest" time="0.066" errors="0" timestamp="2023-07-23T21:39:12 IST" skipped="0">
  <testcase classname="BatchTesting.HomeScreenTest" name="VerifyLogo" time="0.003"/>
  <system-out/>
  <testcase classname="BatchTesting.HomeScreenTest" name="LaunchApplication" time="0.051"/>
  <system-out/>
  <testcase classname="BatchTesting.HomeScreenTest" name="VrifyTitle" time="0.012"/>
  <system-out/>
</testsuite> <!-- BatchTesting.HomeScreenTest -->
