<?xml version="1.0" encoding="UTF-8"?>
<!-- Generated by org.testng.reporters.JUnitReportReporter -->
<testsuite hostname="DESKTOP-11P1576" failures="0" tests="3" name="DemoMaven.TestNGDemo.DataProviderDemo2" time="192.017" errors="0" timestamp="2023-07-15T21:17:18 IST" skipped="0">
  <testcase classname="DemoMaven.TestNGDemo.DataProviderDemo2" name="TestCaseGoogleSeArch" time="26.672"/>
  <system-out/>
  <testcase classname="DemoMaven.TestNGDemo.DataProviderDemo2" name="TestCaseGoogleSeArch" time="67.933"/>
  <system-out/>
  <testcase classname="DemoMaven.TestNGDemo.DataProviderDemo2" name="TestCaseGoogleSeArch" time="97.412"/>
  <system-out/>
</testsuite> <!-- DemoMaven.TestNGDemo.DataProviderDemo2 -->
