<?xml version="1.0" encoding="UTF-8"?>
<!-- Generated by org.testng.reporters.JUnitReportReporter -->
<testsuite hostname="DESKTOP-11P1576" failures="0" tests="3" name="DemoMaven.TestNGDemo.ParameterTestNgDemo" time="0.025" errors="0" timestamp="2023-07-15T13:16:15 IST" skipped="0">
  <testcase classname="DemoMaven.TestNGDemo.ParameterTestNgDemo" name="Multiplication" time="0.017"/>
  <system-out/>
  <testcase classname="DemoMaven.TestNGDemo.ParameterTestNgDemo" name="addition" time="0.004"/>
  <system-out/>
  <testcase classname="DemoMaven.TestNGDemo.ParameterTestNgDemo" name="Substract" time="0.004"/>
  <system-out/>
</testsuite> <!-- DemoMaven.TestNGDemo.ParameterTestNgDemo -->
