<?xml version="1.0" encoding="UTF-8"?>
<!-- Generated by org.testng.reporters.JUnitReportReporter -->
<testsuite hostname="DESKTOP-11P1576" failures="0" tests="2" name="BatchTesting.LoginTest" time="0.022" errors="0" timestamp="2023-07-23T21:39:12 IST" skipped="0">
  <testcase classname="BatchTesting.LoginTest" name="LoginByMobileNumber" time="0.018"/>
  <system-out/>
  <testcase classname="BatchTesting.LoginTest" name="LoginByEmail" time="0.004"/>
  <system-out/>
</testsuite> <!-- BatchTesting.LoginTest -->
