<?xml version="1.0" encoding="UTF-8"?>
<!-- Generated by org.testng.reporters.JUnitReportReporter -->
<testsuite hostname="DESKTOP-11P1576" failures="0" tests="2" name="DemoMaven.TestNGDemo.GroupingExample" time="0.040" errors="0" timestamp="2023-06-29T22:00:40 IST" skipped="0">
  <testcase classname="DemoMaven.TestNGDemo.GroupingExample" name="Nokia" time="0.037"/>
  <system-out/>
  <testcase classname="DemoMaven.TestNGDemo.GroupingExample" name="Samsung" time="0.003"/>
  <system-out/>
</testsuite> <!-- DemoMaven.TestNGDemo.GroupingExample -->
