<?xml version="1.0" encoding="UTF-8"?>
<!-- Generated by org.testng.reporters.JUnitReportReporter -->
<testsuite hostname="DESKTOP-11P1576" failures="0" tests="3" name="DemoMaven.TestNGDemo.DataProviderDemo" time="160.896" errors="0" timestamp="2023-07-15T20:57:18 IST" skipped="0">
  <testcase classname="DemoMaven.TestNGDemo.DataProviderDemo" name="TestCaseGoogleSeArch" time="34.460"/>
  <system-out/>
  <testcase classname="DemoMaven.TestNGDemo.DataProviderDemo" name="TestCaseGoogleSeArch" time="69.212"/>
  <system-out/>
  <testcase classname="DemoMaven.TestNGDemo.DataProviderDemo" name="TestCaseGoogleSeArch" time="57.224"/>
  <system-out/>
</testsuite> <!-- DemoMaven.TestNGDemo.DataProviderDemo -->
