<?xml version="1.0" encoding="UTF-8"?>
<!-- Generated by org.testng.reporters.JUnitReportReporter -->
<testsuite hostname="DESKTOP-11P1576" failures="0" tests="5" name="DemoMaven.TestNGDemo.LoanDept" time="0.050" errors="0" timestamp="2023-06-26T21:37:11 IST" skipped="0">
  <testcase classname="DemoMaven.TestNGDemo.LoanDept" name="ApiLoginAutomobilePersonalLoan" time="0.018"/>
  <system-out/>
  <testcase classname="DemoMaven.TestNGDemo.LoanDept" name="MobileLoginAutomobilePersonalLoan" time="0.005"/>
  <system-out/>
  <testcase classname="DemoMaven.TestNGDemo.LoanDept" name="WebLoginAutomobilePersonalLoan" time="0.021"/>
  <system-out/>
  <testcase classname="DemoMaven.TestNGDemo.LoanDept" name="MobileLoginPersonalLoan" time="0.003"/>
  <system-out/>
  <testcase classname="DemoMaven.TestNGDemo.LoanDept" name="ApiLoginPersonalLoan" time="0.003"/>
  <system-out/>
</testsuite> <!-- DemoMaven.TestNGDemo.LoanDept -->
