<?xml version="1.0" encoding="UTF-8"?>
<!-- Generated by org.testng.reporters.JUnitReportReporter -->
<testsuite hostname="DESKTOP-11P1576" failures="0" tests="2" name="DemoMaven.TestNGDemo.CurrentAccountTestClass2" time="0.047" errors="0" timestamp="2023-06-27T21:54:28 IST" skipped="0">
  <testcase classname="DemoMaven.TestNGDemo.CurrentAccountTestClass2" name="test2" time="0.017"/>
  <system-out/>
  <testcase classname="DemoMaven.TestNGDemo.CurrentAccountTestClass2" name="test1" time="0.030"/>
  <system-out/>
</testsuite> <!-- DemoMaven.TestNGDemo.CurrentAccountTestClass2 -->
