<?xml version="1.0" encoding="UTF-8"?>
<!-- Generated by org.testng.reporters.JUnitReportReporter -->
<testsuite hostname="DESKTOP-11P1576" failures="0" tests="1" name="DemoMaven.TestNGDemo.ParallelDemo2" time="129.449" errors="0" timestamp="2023-07-19T23:05:30 IST" skipped="0">
  <testcase classname="DemoMaven.TestNGDemo.ParallelDemo2" name="verifylogin" time="129.449"/>
  <system-out/>
</testsuite> <!-- DemoMaven.TestNGDemo.ParallelDemo2 -->
