<?xml version="1.0" encoding="UTF-8"?>
<!-- Generated by org.testng.reporters.JUnitReportReporter -->
<testsuite hostname="DESKTOP-11P1576" failures="0" tests="3" name="BatchTesting.ProductPageList" time="0.012" errors="0" timestamp="2023-07-23T21:39:12 IST" skipped="0">
  <testcase classname="BatchTesting.ProductPageList" name="AddProductToCart" time="0.002"/>
  <system-out/>
  <testcase classname="BatchTesting.ProductPageList" name="SelectQuantity" time="0.004"/>
  <system-out/>
  <testcase classname="BatchTesting.ProductPageList" name="AddProductToWishlist" time="0.006"/>
  <system-out/>
</testsuite> <!-- BatchTesting.ProductPageList -->
