<?xml version="1.0" encoding="UTF-8"?>
<!-- Generated by org.testng.reporters.JUnitReportReporter -->
<testsuite hostname="DESKTOP-11P1576" failures="0" tests="2" name="DemoMaven.TestNGDemo.ParallelDemo1" time="212.901" errors="0" timestamp="2023-07-19T23:05:30 IST" skipped="0">
  <testcase classname="DemoMaven.TestNGDemo.ParallelDemo1" name="verifytitle" time="105.487"/>
  <system-out/>
  <testcase classname="DemoMaven.TestNGDemo.ParallelDemo1" name="verifylogo" time="107.414"/>
  <system-out/>
</testsuite> <!-- DemoMaven.TestNGDemo.ParallelDemo1 -->
