<?xml version="1.0" encoding="UTF-8"?>
<!-- Generated by org.testng.reporters.JUnitReportReporter -->
<testsuite hostname="DESKTOP-11P1576" failures="0" tests="2" name="CrossBrowserTestingTentNg.CrossBrowserTestingDemo" time="327.049" errors="0" timestamp="2023-08-12T20:50:25 IST" skipped="0">
  <testcase classname="CrossBrowserTestingTentNg.CrossBrowserTestingDemo" name="verifyTitle" time="225.713"/>
  <system-out/>
  <testcase classname="CrossBrowserTestingTentNg.CrossBrowserTestingDemo" name="verifyTitle" time="101.336"/>
  <system-out/>
</testsuite> <!-- CrossBrowserTestingTentNg.CrossBrowserTestingDemo -->
